<?xml version="1.0" encoding="UTF-8"?>
<!-- Generated by org.testng.reporters.JUnitXMLReporter -->
<testsuite ignored="1" hostname="LAPTOP-RU6207RQ" failures="0" tests="2" name="Test" time="0.061" errors="0" timestamp="27 Jun 2019 05:59:57 GMT">
  <testcase classname="TestNG.TestNG_Project" name="testsecond" time="0.022"/>
  <testcase classname="TestNG.TestNG_Project" name="test" time="0.004"/>
  <testcase classname="TestNG.TestNG_Project" name="testthird" time="0.0">
    <ignored/>
  </testcase> <!-- testthird -->
</testsuite> <!-- Test -->
